dom 24 jul 2022 20:34:01 -04
declare -x HOME="/home/irwing"
declare -x LANG="pt_BR.UTF-8"
declare -x LANGUAGE="pt_BR:pt:en"
declare -x LOGNAME="irwing"
declare -x OLDPWD="/home/irwing/shell/monitor_disco"
declare -x PATH="/usr/bin:/bin"
declare -x PWD="/home/irwing/shell/monitor_disco"
declare -x SHELL="/bin/sh"
declare -x SHLVL="1"
dom 24 jul 2022 20:35:01 -04
declare -x HOME="/home/irwing"
declare -x LANG="pt_BR.UTF-8"
declare -x LANGUAGE="pt_BR:pt:en"
declare -x LOGNAME="irwing"
declare -x OLDPWD="/home/irwing/shell/monitor_disco"
declare -x PATH="/usr/bin:/bin"
declare -x PWD="/home/irwing/shell/monitor_disco"
declare -x SHELL="/bin/sh"
declare -x SHLVL="1"
dom 24 jul 2022 20:36:01 -04
declare -x HOME="/home/irwing"
declare -x LANG="pt_BR.UTF-8"
declare -x LANGUAGE="pt_BR:pt:en"
declare -x LOGNAME="irwing"
declare -x OLDPWD="/home/irwing/shell/monitor_disco"
declare -x PATH="/usr/bin:/bin"
declare -x PWD="/home/irwing/shell/monitor_disco"
declare -x SHELL="/bin/sh"
declare -x SHLVL="1"
dom 24 jul 2022 20:37:01 -04
dom 24 jul 2022 20:38:01 -04
